[www.psiconsultores.com.ar/index.html]
[static.parastorage.com/services/wix-thunderbolt/dist/originTrials.41d7301a.bundle.min.js]
[static.parastorage.com/unpkg/core-js-bundle@3.2.1/minified.js]
[static.parastorage.com/unpkg/focus-within-polyfill@5.0.9/dist/focus-within-polyfill.js]
[www.psiconsultores.com.ar/location.4.delayed]
[backblue.gif]
[fade.gif]
[index.html]
[polyfill-fastly.io/v3/polyfill.mind82c.js]
[static.parastorage.com/services/editor-elements-library/dist/thunderbolt/media/sloppyframe.d2412ec4.png]
[static.wixstatic.com/media/1766df_bd090828206849999e7c0094d4c9111ff000.jpg/v1/fill/w_288,h_162,al_c,q_80,usm_0.66_1.00_0.01,blur_2,enc_auto/1766df_bd090828206849999e7c0094d4c9111ff000.jpg]
[static.wixstatic.com/media/1766df_c7dc7aea5c2a45d491de3576b2f8b7c1_mv2.png/v1/fill/w_137,h_64,al_c,q_85,usm_0.66_1.00_0.01,enc_auto/PSI Solo.png]
[www.psiconsultores.com.ar/de-infraestructura.html]
[www.psiconsultores.com.ar/publicos.html]
[www.psiconsultores.com.ar/valores.html]
[www.psiconsultores.com.ar/perfil.html]
[static.wixstatic.com/media/c19c76_376dc1d20bd348b99c4a732a1d6d7c81.png/v1/fill/w_72,h_40,al_c,lg_1,q_85,enc_auto/c19c76_376dc1d20bd348b99c4a732a1d6d7c81.png]
[static.wixstatic.com/media/c19c76_22d8ec47d1484b09a9c333e4141a12a0.jpg/v1/fill/w_115,h_88,al_c,q_80,usm_0.66_1.00_0.01,blur_2,enc_auto/c19c76_22d8ec47d1484b09a9c333e4141a12a0.jpg]
[static.wixstatic.com/media/c19c76_8c7f5eed08b047bdaaf2833985c4b3d7.jpg/v1/fill/w_115,h_88,al_c,q_80,usm_0.66_1.00_0.01,blur_2,enc_auto/c19c76_8c7f5eed08b047bdaaf2833985c4b3d7.jpg]
[static.wixstatic.com/media/1766df_4fb867c328d0406c8cb27aac99f9fdb7_mv2.jpeg/v1/fill/w_147,h_110,al_c,q_80,usm_0.66_1.00_0.01,blur_2,enc_auto/1766df_4fb867c328d0406c8cb27aac99f9fdb7_mv2.jpg]
[static.wixstatic.com/media/1766df_088a1dc0fd90445a8eceb0d1182e85f9_mv2.png/v1/fill/w_100,h_92,al_c,q_85,usm_0.66_1.00_0.01,blur_3,enc_auto/1766df_088a1dc0fd90445a8eceb0d1182e85f9_mv2.png]
[static.wixstatic.com/media/1766df_fe7b83ae90a64f25a55161db9bac5d04_mv2.png/v1/fill/w_100,h_92,al_c,q_85,usm_0.66_1.00_0.01,blur_3,enc_auto/1766df_fe7b83ae90a64f25a55161db9bac5d04_mv2.png]
[static.wixstatic.com/media/1766df_825927bcd5c44a57bf58258e7396a8e9_mv2.png/v1/fill/w_86,h_59,al_c,q_85,usm_0.66_1.00_0.01,blur_3,enc_auto/1766df_825927bcd5c44a57bf58258e7396a8e9_mv2.png]
[static.wixstatic.com/media/1766df_23e8646e1c1a458e8919c5e2ba51d079_mv2.png/v1/fill/w_86,h_59,al_c,q_85,usm_0.66_1.00_0.01,blur_3,enc_auto/1766df_23e8646e1c1a458e8919c5e2ba51d079_mv2.png]
[static.wixstatic.com/media/1766df_627e714c762a48cab1fde480a8a80dad_mv2.png/v1/fill/w_88,h_108,al_c,q_85,usm_0.66_1.00_0.01,blur_3,enc_auto/1766df_627e714c762a48cab1fde480a8a80dad_mv2.png]
[static.wixstatic.com/media/1766df_7d5f6087b7e64eadae2fb4472b4ece1a_mv2.png/v1/fill/w_88,h_108,al_c,q_85,usm_0.66_1.00_0.01,blur_3,enc_auto/1766df_7d5f6087b7e64eadae2fb4472b4ece1a_mv2.png]
[static.wixstatic.com/media/1766df_7030f45c1ca94229924bc27804bc2f5e_mv2.png/v1/fill/w_135,h_84,al_c,q_85,usm_0.66_1.00_0.01,blur_3,enc_auto/1766df_7030f45c1ca94229924bc27804bc2f5e_mv2.png]
[static.wixstatic.com/media/1766df_d8e5c453ffbd4c5ba3d61a8e850b6662_mv2.png/v1/fill/w_135,h_84,al_c,q_85,usm_0.66_1.00_0.01,blur_3,enc_auto/1766df_d8e5c453ffbd4c5ba3d61a8e850b6662_mv2.png]
[static.wixstatic.com/media/1766df_f2571278b3484c45bd33ca1c86e4a878_mv2.png/v1/fill/w_150,h_150,al_c,q_85,usm_0.66_1.00_0.01,blur_3,enc_auto/1766df_f2571278b3484c45bd33ca1c86e4a878_mv2.png]
[static.wixstatic.com/media/1766df_d22b527fce224319a7f14da30a79861b_mv2.png/v1/fill/w_150,h_150,al_c,q_85,usm_0.66_1.00_0.01,blur_3,enc_auto/1766df_d22b527fce224319a7f14da30a79861b_mv2.png]
[static.wixstatic.com/media/1766df_ee2cdec53a5346d094151b251642f7cb_mv2.png/v1/fill/w_131,h_85,al_c,q_85,usm_0.66_1.00_0.01,blur_3,enc_auto/1766df_ee2cdec53a5346d094151b251642f7cb_mv2.png]
[static.wixstatic.com/media/1766df_4efb1c4c94fc4c949ecd981a5ae84c21_mv2.png/v1/fill/w_131,h_85,al_c,q_85,usm_0.66_1.00_0.01,blur_3,enc_auto/1766df_4efb1c4c94fc4c949ecd981a5ae84c21_mv2.png]
[static.wixstatic.com/media/1766df_db272ba140194146bc7e3f047c769f24_mv2.png/v1/fill/w_131,h_79,al_c,q_85,usm_0.66_1.00_0.01,blur_3,enc_auto/1766df_db272ba140194146bc7e3f047c769f24_mv2.png]
[static.wixstatic.com/media/1766df_511c6b2ffb66479298513988fd7709a6_mv2.png/v1/fill/w_131,h_79,al_c,q_85,usm_0.66_1.00_0.01,blur_3,enc_auto/1766df_511c6b2ffb66479298513988fd7709a6_mv2.png]
[static.wixstatic.com/media/1766df_e15dc15794794ed3bd8c72b5adc9e80e_mv2.png/v1/fill/w_125,h_84,al_c,q_85,usm_0.66_1.00_0.01,blur_3,enc_auto/1766df_e15dc15794794ed3bd8c72b5adc9e80e_mv2.png]
[static.wixstatic.com/media/1766df_27c761a71aa44f79bd7945c42ce19200_mv2.png/v1/fill/w_125,h_84,al_c,q_85,usm_0.66_1.00_0.01,blur_3,enc_auto/1766df_27c761a71aa44f79bd7945c42ce19200_mv2.png]
[static.wixstatic.com/media/1766df_e6aec503aaa04372aa64d4d1aa60b4b0_mv2.png/v1/fill/w_130,h_85,al_c,q_85,usm_0.66_1.00_0.01,blur_3,enc_auto/1766df_e6aec503aaa04372aa64d4d1aa60b4b0_mv2.png]
[static.wixstatic.com/media/1766df_e676c989094c4c9992332901377b146f_mv2.png/v1/fill/w_130,h_85,al_c,q_85,usm_0.66_1.00_0.01,blur_3,enc_auto/1766df_e676c989094c4c9992332901377b146f_mv2.png]
[static.wixstatic.com/media/1766df_45c09840b3ed473b9ec4de7bdc5a0e1f_mv2.png/v1/fill/w_100,h_89,al_c,q_85,usm_0.66_1.00_0.01,blur_3,enc_auto/1766df_45c09840b3ed473b9ec4de7bdc5a0e1f_mv2.png]
[static.wixstatic.com/media/1766df_b1cbea1865e14912a2b4e31dbff8dff1_mv2.png/v1/fill/w_100,h_89,al_c,q_85,usm_0.66_1.00_0.01,blur_3,enc_auto/1766df_b1cbea1865e14912a2b4e31dbff8dff1_mv2.png]
[static.wixstatic.com/media/1766df_170404ecbccc4dbb8d4d6c3c31462f0b_mv2.png/v1/fill/w_137,h_91,al_c,q_85,usm_0.66_1.00_0.01,blur_3,enc_auto/1766df_170404ecbccc4dbb8d4d6c3c31462f0b_mv2.png]
[static.wixstatic.com/media/1766df_901d6629eab84d958f9ad1385c2b2df8_mv2.png/v1/fill/w_137,h_91,al_c,q_85,usm_0.66_1.00_0.01,blur_3,enc_auto/1766df_901d6629eab84d958f9ad1385c2b2df8_mv2.png]
[static.wixstatic.com/media/1766df_023284edf12b4b6ca018b2af79532f8b_mv2.png/v1/fill/w_190,h_35,al_c,q_85,usm_0.66_1.00_0.01,blur_3,enc_auto/1766df_023284edf12b4b6ca018b2af79532f8b_mv2.png]
[static.wixstatic.com/media/1766df_4ff061491d17428bb6f339a2ca7b5db4_mv2.png/v1/fill/w_190,h_35,al_c,q_85,usm_0.66_1.00_0.01,blur_3,enc_auto/1766df_4ff061491d17428bb6f339a2ca7b5db4_mv2.png]
[static.wixstatic.com/media/1766df_b15ca072ae024811b4b209f9516f36df_mv2.png/v1/fill/w_136,h_59,al_c,q_85,usm_0.66_1.00_0.01,blur_3,enc_auto/1766df_b15ca072ae024811b4b209f9516f36df_mv2.png]
[static.wixstatic.com/media/1766df_2ed41b1698464ed9bc4ce7d239c3f009_mv2.png/v1/fill/w_136,h_59,al_c,q_85,usm_0.66_1.00_0.01,blur_3,enc_auto/1766df_2ed41b1698464ed9bc4ce7d239c3f009_mv2.png]
[static.wixstatic.com/media/1766df_3c58be1711984633bf975d27f21b5ab9_mv2.png/v1/fill/w_167,h_44,al_c,q_85,usm_0.66_1.00_0.01,blur_3,enc_auto/1766df_3c58be1711984633bf975d27f21b5ab9_mv2.png]
[static.wixstatic.com/media/1766df_dfa91003e7494d5090fed6da0a5baff1_mv2.png/v1/fill/w_167,h_44,al_c,q_85,usm_0.66_1.00_0.01,blur_3,enc_auto/1766df_dfa91003e7494d5090fed6da0a5baff1_mv2.png]
[static.wixstatic.com/media/1766df_ab4ba0172346430cabcf27127049de95_mv2.png/v1/fill/w_152,h_48,al_c,q_85,usm_0.66_1.00_0.01,blur_3,enc_auto/1766df_ab4ba0172346430cabcf27127049de95_mv2.png]
[static.wixstatic.com/media/1766df_b80768bd958047afb5833583209de82f_mv2.png/v1/fill/w_152,h_48,al_c,q_85,usm_0.66_1.00_0.01,blur_3,enc_auto/1766df_b80768bd958047afb5833583209de82f_mv2.png]
[static.wixstatic.com/media/1766df_546d7530481a4344b024529e47abe9fc_mv2.png/v1/fill/w_115,h_115,al_c,q_85,usm_0.66_1.00_0.01,blur_3,enc_auto/1766df_546d7530481a4344b024529e47abe9fc_mv2.png]
[static.wixstatic.com/media/1766df_0e1d5d261c984323b1ff1b2a3a42d708_mv2.png/v1/fill/w_115,h_115,al_c,q_85,usm_0.66_1.00_0.01,blur_3,enc_auto/1766df_0e1d5d261c984323b1ff1b2a3a42d708_mv2.png]
[static.wixstatic.com/media/1766df_bc77f271c37c470f8f33818e1e305d7e_mv2.png/v1/fill/w_106,h_39,al_c,q_85,usm_0.66_1.00_0.01,blur_3,enc_auto/1766df_bc77f271c37c470f8f33818e1e305d7e_mv2.png]
[static.wixstatic.com/media/1766df_a6b2cdcae9b04cecab11cfa95b48c044_mv2.png/v1/fill/w_106,h_39,al_c,q_85,usm_0.66_1.00_0.01,blur_3,enc_auto/1766df_a6b2cdcae9b04cecab11cfa95b48c044_mv2.png]
[static.wixstatic.com/media/1766df_05486d9752d947399c243de860504534_mv2.png/v1/fill/w_150,h_57,al_c,q_85,usm_0.66_1.00_0.01,blur_3,enc_auto/1766df_05486d9752d947399c243de860504534_mv2.png]
[static.wixstatic.com/media/1766df_fbd5119d850c481797b9750147d393d8_mv2.png/v1/fill/w_150,h_57,al_c,q_85,usm_0.66_1.00_0.01,blur_3,enc_auto/1766df_fbd5119d850c481797b9750147d393d8_mv2.png]
[static.wixstatic.com/media/1766df_999691571edd45c090207e6c1a986d27_mv2.png/v1/fill/w_120,h_108,al_c,q_85,usm_0.66_1.00_0.01,blur_3,enc_auto/1766df_999691571edd45c090207e6c1a986d27_mv2.png]
[static.wixstatic.com/media/1766df_91dde0c49ae64724990fc740bc2b32ce_mv2.png/v1/fill/w_120,h_108,al_c,q_85,usm_0.66_1.00_0.01,blur_3,enc_auto/1766df_91dde0c49ae64724990fc740bc2b32ce_mv2.png]
[static.wixstatic.com/media/1766df_10d463ceea45411bb79583ae41bf7ade_mv2.png/v1/fill/w_80,h_79,al_c,q_85,usm_0.66_1.00_0.01,blur_3,enc_auto/1766df_10d463ceea45411bb79583ae41bf7ade_mv2.png]
[static.wixstatic.com/media/1766df_730ae41185d74823b29a02b264273d92_mv2.png/v1/fill/w_80,h_79,al_c,q_85,usm_0.66_1.00_0.01,blur_3,enc_auto/1766df_730ae41185d74823b29a02b264273d92_mv2.png]
[static.wixstatic.com/media/1766df_a9bb06a480b84031ab49ba576bcdd631_mv2.png/v1/fill/w_145,h_80,al_c,q_85,usm_0.66_1.00_0.01,blur_3,enc_auto/1766df_a9bb06a480b84031ab49ba576bcdd631_mv2.png]
[static.wixstatic.com/media/1766df_3ffd5f7269e3483aa73a5ec2ccf4f899_mv2.png/v1/fill/w_145,h_80,al_c,q_85,usm_0.66_1.00_0.01,blur_3,enc_auto/1766df_3ffd5f7269e3483aa73a5ec2ccf4f899_mv2.png]
[static.wixstatic.com/media/1766df_9b35df6c5cf349a9afa91873b038cc49_mv2.png/v1/fill/w_122,h_112,al_c,q_85,usm_0.66_1.00_0.01,blur_3,enc_auto/1766df_9b35df6c5cf349a9afa91873b038cc49_mv2.png]
[static.wixstatic.com/media/1766df_9ccd8b2e4d5d4182bb01f6c5b011227d_mv2.png/v1/fill/w_122,h_112,al_c,q_85,usm_0.66_1.00_0.01,blur_3,enc_auto/1766df_9ccd8b2e4d5d4182bb01f6c5b011227d_mv2.png]
[static.wixstatic.com/media/1766df_56831753299d41bd8251ee4041c9f03e_mv2.png/v1/fill/w_130,h_110,al_c,q_85,usm_0.66_1.00_0.01,blur_3,enc_auto/1766df_56831753299d41bd8251ee4041c9f03e_mv2.png]
[static.wixstatic.com/media/1766df_89f0ab4a8bc0450992a6c33190eb3f70_mv2.png/v1/fill/w_130,h_110,al_c,q_85,usm_0.66_1.00_0.01,blur_3,enc_auto/1766df_89f0ab4a8bc0450992a6c33190eb3f70_mv2.png]
[static.wixstatic.com/media/1766df_7519e532f2554f3b8831ab06c4657987_mv2.png/v1/fill/w_116,h_87,al_c,q_85,usm_0.66_1.00_0.01,blur_3,enc_auto/1766df_7519e532f2554f3b8831ab06c4657987_mv2.png]
[static.wixstatic.com/media/1766df_1156024186d14d4d961dfe3b64f1bdb3_mv2.png/v1/fill/w_116,h_87,al_c,q_85,usm_0.66_1.00_0.01,blur_3,enc_auto/1766df_1156024186d14d4d961dfe3b64f1bdb3_mv2.png]
[static.wixstatic.com/media/1766df_132424d4e1e74f1a987fceab12c1d43b_mv2.png/v1/fill/w_117,h_38,al_c,q_85,usm_0.66_1.00_0.01,blur_3,enc_auto/1766df_132424d4e1e74f1a987fceab12c1d43b_mv2.png]
[static.wixstatic.com/media/1766df_a9bd5c7ee9fc40fe9e1bef1aa3dea801_mv2.png/v1/fill/w_117,h_38,al_c,q_85,usm_0.66_1.00_0.01,blur_3,enc_auto/1766df_a9bd5c7ee9fc40fe9e1bef1aa3dea801_mv2.png]
[static.wixstatic.com/media/1766df_010088b54fd84c9fbc1242232667f434_mv2.png/v1/fill/w_137,h_60,al_c,q_85,usm_0.66_1.00_0.01,blur_3,enc_auto/1766df_010088b54fd84c9fbc1242232667f434_mv2.png]
[static.wixstatic.com/media/1766df_ae8bd7dc5c9a427b86491ca531e873a0_mv2.png/v1/fill/w_137,h_60,al_c,q_85,usm_0.66_1.00_0.01,blur_3,enc_auto/1766df_ae8bd7dc5c9a427b86491ca531e873a0_mv2.png]
[static.wixstatic.com/media/1766df_da9a2c70a0b84b8d9f4a126305a55595_mv2.png/v1/fill/w_175,h_48,al_c,q_85,usm_0.66_1.00_0.01,blur_3,enc_auto/1766df_da9a2c70a0b84b8d9f4a126305a55595_mv2.png]
[static.wixstatic.com/media/1766df_3454a5e8d0814245bc174494ac37fc16_mv2.png/v1/fill/w_175,h_48,al_c,q_85,usm_0.66_1.00_0.01,blur_3,enc_auto/1766df_3454a5e8d0814245bc174494ac37fc16_mv2.png]
[static.wixstatic.com/media/1766df_415bd681b72a4f6185b66a289f1785cd_mv2.png/v1/fill/w_56,h_14,al_c,q_85,usm_0.66_1.00_0.01,blur_2,enc_auto/1766df_415bd681b72a4f6185b66a289f1785cd_mv2.png]
[static.wixstatic.com/media/1766df_66aceb4be99e48358385c42cddc0e9a8_mv2.png/v1/fill/w_56,h_14,al_c,q_85,usm_0.66_1.00_0.01,blur_2,enc_auto/1766df_66aceb4be99e48358385c42cddc0e9a8_mv2.png]
[static.wixstatic.com/media/1766df_18dd699335e04c98b124a6dd2f059405_mv2.png/v1/fill/w_150,h_56,al_c,q_85,usm_0.66_1.00_0.01,blur_3,enc_auto/1766df_18dd699335e04c98b124a6dd2f059405_mv2.png]
[static.wixstatic.com/media/1766df_8804bd2d3f3c4c1396dc7fabfcee0c87_mv2.png/v1/fill/w_150,h_56,al_c,q_85,usm_0.66_1.00_0.01,blur_3,enc_auto/1766df_8804bd2d3f3c4c1396dc7fabfcee0c87_mv2.png]
[static.wixstatic.com/media/1766df_b65a01bfc8b041708003d47cc8a5498e_mv2.png/v1/fill/w_178,h_41,al_c,q_85,usm_0.66_1.00_0.01,blur_3,enc_auto/1766df_b65a01bfc8b041708003d47cc8a5498e_mv2.png]
[static.wixstatic.com/media/1766df_d4db4d25ebc24951b7a2cbd170963689_mv2.png/v1/fill/w_178,h_41,al_c,q_85,usm_0.66_1.00_0.01,blur_3,enc_auto/1766df_d4db4d25ebc24951b7a2cbd170963689_mv2.png]
[static.wixstatic.com/media/1766df_1e98d408bdff4f06ab22c5b2ef339d50_mv2.png/v1/fill/w_107,h_43,al_c,q_85,usm_0.66_1.00_0.01,blur_3,enc_auto/1766df_1e98d408bdff4f06ab22c5b2ef339d50_mv2.png]
[static.wixstatic.com/media/1766df_f6a0a5d20cbe46478671244c57394c2f_mv2.png/v1/fill/w_107,h_43,al_c,q_85,usm_0.66_1.00_0.01,blur_3,enc_auto/1766df_f6a0a5d20cbe46478671244c57394c2f_mv2.png]
[static.wixstatic.com/media/1766df_245cf8fc5127449785eba52edc330e85_mv2.png/v1/fill/w_105,h_83,al_c,q_85,usm_0.66_1.00_0.01,blur_3,enc_auto/1766df_245cf8fc5127449785eba52edc330e85_mv2.png]
[static.wixstatic.com/media/1766df_3527df0b267944d59d253c22bb97dd4c_mv2.png/v1/fill/w_105,h_83,al_c,q_85,usm_0.66_1.00_0.01,blur_3,enc_auto/1766df_3527df0b267944d59d253c22bb97dd4c_mv2.png]
[static.wixstatic.com/media/1766df_7dc6bac310194d78831354cc7b06eac2_mv2.png/v1/fill/w_150,h_34,al_c,q_85,usm_0.66_1.00_0.01,blur_3,enc_auto/1766df_7dc6bac310194d78831354cc7b06eac2_mv2.png]
[static.wixstatic.com/media/1766df_0de9e546b9b24ae58e0de25ec07e9552_mv2.png/v1/fill/w_150,h_34,al_c,q_85,usm_0.66_1.00_0.01,blur_3,enc_auto/1766df_0de9e546b9b24ae58e0de25ec07e9552_mv2.png]
[static.wixstatic.com/media/1766df_96b28f7a8c1f40e89bbdc31e1e88ed78_mv2.png/v1/fill/w_148,h_65,al_c,q_85,usm_0.66_1.00_0.01,blur_3,enc_auto/1766df_96b28f7a8c1f40e89bbdc31e1e88ed78_mv2.png]
[static.wixstatic.com/media/1766df_ce169396a079430ab6120a11ef548b38_mv2.png/v1/fill/w_148,h_65,al_c,q_85,usm_0.66_1.00_0.01,blur_3,enc_auto/1766df_ce169396a079430ab6120a11ef548b38_mv2.png]
[static.wixstatic.com/media/1766df_ef8d6632994f4b299a8e4d897973ba56_mv2.png/v1/fill/w_160,h_52,al_c,q_85,usm_0.66_1.00_0.01,blur_3,enc_auto/1766df_ef8d6632994f4b299a8e4d897973ba56_mv2.png]
[static.wixstatic.com/media/1766df_8a45ceb8e31148669d945c14a88cb6e7_mv2.png/v1/fill/w_160,h_52,al_c,q_85,usm_0.66_1.00_0.01,blur_3,enc_auto/1766df_8a45ceb8e31148669d945c14a88cb6e7_mv2.png]
[static.wixstatic.com/media/1766df_1228d7da5f3a48d8a5a800767881e84e_mv2.png/v1/fill/w_148,h_52,al_c,q_85,usm_0.66_1.00_0.01,blur_3,enc_auto/1766df_1228d7da5f3a48d8a5a800767881e84e_mv2.png]
[static.wixstatic.com/media/1766df_4bb8d17d9ea9424fa3e6bf047fae1be9_mv2.png/v1/fill/w_148,h_52,al_c,q_85,usm_0.66_1.00_0.01,blur_3,enc_auto/1766df_4bb8d17d9ea9424fa3e6bf047fae1be9_mv2.png]
[static.wixstatic.com/media/1766df_d23bd770ce0049d0a04bbfaff2a6ec13_mv2.png/v1/fill/w_170,h_48,al_c,q_85,usm_0.66_1.00_0.01,blur_3,enc_auto/1766df_d23bd770ce0049d0a04bbfaff2a6ec13_mv2.png]
[static.wixstatic.com/media/1766df_31f9d3f5611642c98c3e67b52af70ac4_mv2.png/v1/fill/w_170,h_48,al_c,q_85,usm_0.66_1.00_0.01,blur_3,enc_auto/1766df_31f9d3f5611642c98c3e67b52af70ac4_mv2.png]
[static.wixstatic.com/media/1766df_5fb787a0932e47bbbe3f0ffb1c16208b_mv2.png/v1/fill/w_55,h_17,al_c,q_85,usm_0.66_1.00_0.01,blur_2,enc_auto/1766df_5fb787a0932e47bbbe3f0ffb1c16208b_mv2.png]
[static.wixstatic.com/media/1766df_2a8353500e214e1f8d1e54c1f0aaaaef_mv2.png/v1/fill/w_55,h_17,al_c,q_85,usm_0.66_1.00_0.01,blur_2,enc_auto/1766df_2a8353500e214e1f8d1e54c1f0aaaaef_mv2.png]
[static.wixstatic.com/media/1766df_a3de061bfecd4abeaabd965781559562f000.jpg/v1/fill/w_90,h_90,al_c,q_80,usm_0.66_1.00_0.01,blur_2,enc_auto/1766df_a3de061bfecd4abeaabd965781559562f000.jpg]
[browser.sentry-cdn.com/6.18.2/bundle.min.js]
[www.psiconsultores.com.ar/sitemap.xml]
[www.psiconsultores.com.ar/feed.5f.delayed]
[www.psiconsultores.com.ar/${n.60.delayed]
[static.parastorage.com/services/wix-thunderbolt/dist/thunderbolt-commons.f03a5fa7.bundle.min.js]
[static.parastorage.com/services/wix-thunderbolt/dist/main.ceaab929.bundle.min.js]
[static.parastorage.com/services/wix-thunderbolt/dist/main.renderer.1d21f023.bundle.min.js]
[static.parastorage.com/unpkg/lodash@4.17.21/lodash.min.js]
[static.parastorage.com/unpkg/react@18.2.0/umd/react.production.min.js]
[static.parastorage.com/unpkg/react-dom@18.2.0/umd/react-dom.production.min.js]
[www.psiconsultores.com.ar/decodeURIComponent(e.67.delayed]
[static.parastorage.com/services/tag-manager-client/1.827.0/siteTags.bundle.min.js]
[www.psiconsultores.com.ar/index.html]
[www.psiconsultores.com.ar/location.html]
[www.psiconsultores.com.ar/de-infraestructura.html]
[www.psiconsultores.com.ar/publicos.html]
[static.parastorage.com/services/wix-perf-measure/1.1095.0/wix-perf-measure.umd.min.js]
[static.wixstatic.com/media/1766df_9e778127544141569e17b5f80c673037_mv2_d_3/v1/fill/w_216,h_288,al_c,q_80,usm_0.66_1.00_0.01,blur_2/1766df_9e778127544141569e17b5f80c673037_mv2_d_3000_4000_s_4_2.6]
[static.wixstatic.com/media/1766df_4fb867c328d0406c8cb27aac99f9fdb7_mv2.jpeg/v1/fill/w_288,h_216,al_c,q_80,usm_0.66_1.00_0.01,blur_2,enc_auto/1766df_4fb867c328d0406c8cb27aac99f9fdb7_mv2.jpg]
[www.psiconsultores.com.ar/valores.html]
[www.psiconsultores.com.ar/perfil.html]
[www.psiconsultores.com.ar/feed.html]
[www.psiconsultores.com.ar/${n.html]
[www.psiconsultores.com.ar/decodeURIComponent(e.html]
[static.wixstatic.com/media/1766df_c77b2716cebb4a1b816b7a4105de2bdd_mv2_d_2/v1/fill/w_143,h_81,al_c,q_80,usm_0.66_1.00_0.01,blur_2,/1766df_c77b2716cebb4a1b816b7a4105de2bdd_mv2_d_2598_1476_s_2.6c]
